<?xml version="1.0" encoding="UTF-8"?>
<!-- Generated by org.testng.reporters.JUnitReportReporter -->
<testsuite hostname="DESKTOP-IV356SL" name="com.eleks.emaildemo.tests.ReadMailTest" tests="1" failures="0" timestamp="6 Feb 2017 20:19:26 GMT" time="7.953" errors="0">
  <testcase name="readMailTest" time="7.953" classname="com.eleks.emaildemo.tests.ReadMailTest"/>
</testsuite> <!-- com.eleks.emaildemo.tests.ReadMailTest -->
