<?xml version="1.0" encoding="UTF-8"?>
<!-- Generated by org.testng.reporters.JUnitReportReporter -->
<testsuite hostname="DESKTOP-IV356SL" name="com.eleks.emaildemo.tests.LogInNegativeTest" tests="1" failures="0" timestamp="6 Feb 2017 20:19:26 GMT" time="2.352" errors="0">
  <testcase name="logInTest" time="2.352" classname="com.eleks.emaildemo.tests.LogInNegativeTest"/>
</testsuite> <!-- com.eleks.emaildemo.tests.LogInNegativeTest -->
