<?xml version="1.0" encoding="UTF-8"?>
<!-- Generated by org.testng.reporters.JUnitReportReporter -->
<testsuite hostname="DESKTOP-IV356SL" name="com.eleks.emaildemo.tests.LogInWrongPasswordTest" tests="1" failures="0" timestamp="6 Feb 2017 20:19:26 GMT" time="4.688" errors="0">
  <testcase name="logInWithWorngPasswordTest" time="4.688" classname="com.eleks.emaildemo.tests.LogInWrongPasswordTest"/>
</testsuite> <!-- com.eleks.emaildemo.tests.LogInWrongPasswordTest -->
