<?xml version="1.0" encoding="UTF-8"?>
<!-- Generated by org.testng.reporters.JUnitReportReporter -->
<testsuite hostname="DESKTOP-IV356SL" name="com.eleks.emaildemo.tests.LogInTest" tests="1" failures="0" timestamp="6 Feb 2017 20:19:26 GMT" time="14.704" errors="0">
  <testcase name="logInTest" time="14.704" classname="com.eleks.emaildemo.tests.LogInTest"/>
</testsuite> <!-- com.eleks.emaildemo.tests.LogInTest -->
